(window width: )1200
No points in the graph to initialize
point size: 0
No points in the graph to initialize
This is generating bezier
point size: 10
No points in the graph to initialize
This is generating bezier
point size: 11
No points in the graph to initialize
This is generating bezier
point size: 118
No points in the graph to initialize
This is generating bezier
point size: 97
No points in the graph to initialize
This is generating bezier
point size: 367
Drawing stroke0
Drawing stroke0
Drawing stroke0
Drawing stroke0
Drawing stroke0
Drawing stroke0
Drawing stroke0
Drawing stroke0
Drawing stroke0
Drawing stroke0
Drawing stroke0
Drawing stroke0
Drawing stroke0
Drawing stroke0
Drawing stroke0
Drawing stroke0
Drawing stroke0
Drawing stroke0
Drawing stroke0
Drawing stroke0
Drawing stroke0
Drawing stroke0
Drawing stroke0
Drawing stroke0
Drawing stroke0
Drawing stroke0
Drawing stroke0
Drawing stroke0
Drawing stroke0
Drawing stroke0
Drawing stroke0
Drawing stroke0
Drawing stroke0
Drawing stroke0
Drawing stroke0
Drawing stroke0
Drawing stroke0
Drawing stroke0
Drawing stroke0
Drawing stroke0
Drawing stroke0
Drawing stroke0
Drawing stroke0
Drawing stroke0
Drawing stroke0
Drawing stroke0
Drawing stroke0
Drawing stroke0
Drawing stroke0
Drawing stroke0
Drawing stroke0
Drawing stroke0
Drawing stroke0
Drawing stroke0
Drawing stroke0
Drawing stroke0
Drawing stroke0
Drawing stroke0
Drawing stroke0
Drawing stroke0
Drawing stroke0
Drawing stroke0
Drawing stroke0
Drawing stroke0
Drawing stroke0
Drawing stroke0
Drawing stroke0
Drawing stroke0
Drawing stroke0
Drawing stroke0
Drawing stroke0
Drawing stroke0
Drawing stroke0
Drawing stroke0
Drawing stroke0
Drawing stroke0
Drawing stroke0
Drawing stroke0
Drawing stroke0
Drawing stroke0
Drawing stroke0
Drawing stroke0
Drawing stroke0
Drawing stroke0
Drawing stroke0
Drawing stroke0
Drawing stroke0
Drawing stroke0
Drawing stroke0
Drawing stroke0
Drawing stroke0
Drawing stroke0
Drawing stroke0
Drawing stroke0
Drawing stroke0
Drawing stroke0
Drawing stroke0
Drawing stroke0
Drawing stroke0
Drawing stroke0
Drawing stroke0
Drawing stroke0
Drawing stroke0
Drawing stroke0
Drawing stroke0
Drawing stroke0
Drawing stroke0
Drawing stroke0
Drawing stroke0
Drawing stroke0
Drawing stroke0
Drawing stroke0
Drawing stroke0
Drawing stroke0
Drawing stroke0
Drawing stroke0
Drawing stroke0
Drawing stroke0
Drawing stroke0
Drawing stroke0
Drawing stroke0
Drawing stroke0
Drawing stroke0
Drawing stroke0
Drawing stroke0
Drawing stroke0
Drawing stroke0
Drawing stroke0
Drawing stroke0
Drawing stroke0
Drawing stroke0
Drawing stroke0
Drawing stroke0
Drawing stroke0
Drawing stroke0
Drawing stroke0
Drawing stroke0
Drawing stroke0
Drawing stroke0
Drawing stroke0
Drawing stroke0
Drawing stroke0
Drawing stroke0
Drawing stroke0
Drawing stroke0
Drawing stroke0
Drawing stroke0
Drawing stroke0
Drawing stroke0
Drawing stroke0
Drawing stroke0
Drawing stroke0
Drawing stroke0
Drawing stroke0
Drawing stroke0
Drawing stroke0
Drawing stroke0
Drawing stroke0
Drawing stroke0
Drawing stroke0
Drawing stroke0
Drawing stroke0
Drawing stroke0
Drawing stroke0
Drawing stroke0
Drawing stroke0
Drawing stroke0
Drawing stroke0
Drawing stroke0
Drawing stroke0
Drawing stroke0
Drawing stroke0
Drawing stroke0
Drawing stroke0
Drawing stroke0
Drawing stroke0
Drawing stroke0
Drawing stroke0
Drawing stroke0
Drawing stroke0
Drawing stroke0
Drawing stroke0
Drawing stroke0
Drawing stroke0
Drawing stroke0
Drawing stroke0
Drawing stroke0
Drawing stroke0
Drawing stroke0
Drawing stroke0
Drawing stroke0
Drawing stroke0
Drawing stroke0
Drawing stroke0
Drawing stroke0
Drawing stroke0
Drawing stroke0
Drawing stroke0
Drawing stroke0
Drawing stroke0
Drawing stroke0
Drawing stroke0
Drawing stroke0
Drawing stroke0
Drawing stroke0
Drawing stroke0
Drawing stroke0
Drawing stroke0
Drawing stroke0
Drawing stroke0
Drawing stroke0
Drawing stroke0
Drawing stroke0
Drawing stroke0
Drawing stroke0
Drawing stroke0
Drawing stroke0
Drawing stroke0
Drawing stroke0
Drawing stroke0
Drawing stroke0
Drawing stroke0
Drawing stroke0
Drawing stroke0
Drawing stroke0
Drawing stroke0
Drawing stroke0
Drawing stroke0
Drawing stroke0
Drawing stroke0
Drawing stroke0
Drawing stroke0
Drawing stroke0
Drawing stroke0
Drawing stroke0
Drawing stroke0
Drawing stroke0
Drawing stroke0
Drawing stroke0
Drawing stroke0
Drawing stroke0
Drawing stroke0
Drawing stroke0
Drawing stroke0
Drawing stroke0
Drawing stroke0
Drawing stroke0
Drawing stroke0
Drawing stroke0
Drawing stroke0
Drawing stroke0
Drawing stroke0
Drawing stroke0
Drawing stroke0
Drawing stroke0
Drawing stroke0
Drawing stroke0
Drawing stroke0
Drawing stroke0
Drawing stroke0
Drawing stroke0
Drawing stroke0
Drawing stroke0
Drawing stroke0
Drawing stroke0
Drawing stroke0
Drawing stroke0
Drawing stroke0
Drawing stroke0
Drawing stroke0
Drawing stroke0
Drawing stroke0
Drawing stroke0
Drawing stroke0
Drawing stroke0
Drawing stroke0
Drawing stroke0
Drawing stroke0
Drawing stroke0
Drawing stroke0
Drawing stroke0
Drawing stroke0
Drawing stroke0
Drawing stroke0
